c:\users\buuugs\desktop\volcano\plejg.cc\intermediates\vc142.pdb
c:\users\buuugs\desktop\volcano\plejg.cc\intermediates\vc142.idb
c:\users\buuugs\desktop\volcano\plejg.cc\intermediates\md5.obj
c:\users\buuugs\desktop\volcano\plejg.cc\intermediates\csgo.obj
c:\users\buuugs\desktop\volcano\plejg.cc\intermediates\console.obj
c:\users\buuugs\desktop\volcano\plejg.cc\intermediates\math.obj
c:\users\buuugs\desktop\volcano\plejg.cc\intermediates\interfaces.obj
c:\users\buuugs\desktop\volcano\plejg.cc\intermediates\zgui.obj
c:\users\buuugs\desktop\volcano\plejg.cc\intermediates\menu.obj
c:\users\buuugs\desktop\volcano\plejg.cc\intermediates\config.obj
c:\users\buuugs\desktop\volcano\plejg.cc\intermediates\hooks.obj
c:\users\buuugs\desktop\volcano\plejg.cc\intermediates\visuals.obj
c:\users\buuugs\desktop\volcano\plejg.cc\intermediates\glow.obj
c:\users\buuugs\desktop\volcano\plejg.cc\intermediates\misc.obj
c:\users\buuugs\desktop\volcano\plejg.cc\intermediates\esp.obj
c:\users\buuugs\desktop\volcano\plejg.cc\intermediates\chams.obj
c:\users\buuugs\desktop\volcano\plejg.cc\intermediates\skinchanger.obj
c:\users\buuugs\desktop\volcano\plejg.cc\intermediates\glovechanger.obj
c:\users\buuugs\desktop\volcano\plejg.cc\intermediates\engine_prediction.obj
c:\users\buuugs\desktop\volcano\plejg.cc\intermediates\triggerbot.obj
c:\users\buuugs\desktop\volcano\plejg.cc\intermediates\backtracking.obj
c:\users\buuugs\desktop\volcano\plejg.cc\intermediates\aimbot.obj
c:\users\buuugs\desktop\volcano\plejg.cc\intermediates\view_matrix.obj
c:\users\buuugs\desktop\volcano\plejg.cc\intermediates\vector3d.obj
c:\users\buuugs\desktop\volcano\plejg.cc\intermediates\main.obj
c:\users\buuugs\desktop\volcano\plejg.cc\intermediates\utilities.obj
c:\users\buuugs\desktop\volcano\plejg.cc\intermediates\renderer.obj
c:\users\buuugs\desktop\volcano\plejg.cc\intermediates\netvars.obj
c:\users\buuugs\desktop\volcano\plejg.cc\intermediates\trampoline.obj
c:\users\buuugs\desktop\volcano\plejg.cc\intermediates\hook.obj
c:\users\buuugs\desktop\volcano\plejg.cc\intermediates\hde64.obj
c:\users\buuugs\desktop\volcano\plejg.cc\intermediates\hde32.obj
c:\users\buuugs\desktop\volcano\plejg.cc\intermediates\buffer.obj
c:\users\buuugs\desktop\volcano\plejg.cc\bin\cheat.lib
c:\users\buuugs\desktop\volcano\plejg.cc\bin\cheat.exp
c:\users\buuugs\desktop\volcano\plejg.cc\.\intermediates\vcpkg.applocal.log
c:\users\buuugs\desktop\volcano\plejg.cc\bin\cheat.ilk
c:\users\buuugs\desktop\volcano\plejg.cc\bin\cheat.dll
c:\users\buuugs\desktop\volcano\plejg.cc\bin\cheat.pdb
c:\users\buuugs\desktop\volcano\plejg.cc\.\bin\cheat.dll
c:\users\buuugs\desktop\volcano\plejg.cc\intermediates\csgo-cheat.tlog\cl.command.1.tlog
c:\users\buuugs\desktop\volcano\plejg.cc\intermediates\csgo-cheat.tlog\cl.read.1.tlog
c:\users\buuugs\desktop\volcano\plejg.cc\intermediates\csgo-cheat.tlog\cl.write.1.tlog
c:\users\buuugs\desktop\volcano\plejg.cc\intermediates\csgo-cheat.tlog\csgo-cheat.write.1u.tlog
c:\users\buuugs\desktop\volcano\plejg.cc\intermediates\csgo-cheat.tlog\link.command.1.tlog
c:\users\buuugs\desktop\volcano\plejg.cc\intermediates\csgo-cheat.tlog\link.read.1.tlog
c:\users\buuugs\desktop\volcano\plejg.cc\intermediates\csgo-cheat.tlog\link.write.1.tlog
